<?xml version="1.0" encoding="UTF-8"?>
<!-- Generated by org.testng.reporters.JUnitXMLReporter -->
<testsuite hostname="Jugganourt" name="Default test" tests="6" failures="0" timestamp="6 Mar 2014 16:46:40 GMT" time="0.099" errors="0">
  <testcase name="testAStarJumble" time="0.056" classname="test.MyTest"/>
  <testcase name="testAStarPuzzle" time="0.006" classname="test.MyTest"/>
  <testcase name="testBFSJumble" time="0.002" classname="test.MyTest"/>
  <testcase name="testBFSPuzzle" time="0.001" classname="test.MyTest"/>
  <testcase name="testDFSJumble" time="0.002" classname="test.MyTest"/>
  <testcase name="testDFSPuzzle" time="0.002" classname="test.MyTest"/>
</testsuite> <!-- Default test -->
