<?xml version="1.0" encoding="UTF-8"?>
<!-- Generated by org.testng.reporters.JUnitXMLReporter -->
<testsuite hostname="Jugganourt" name="Default test" tests="6" failures="0" timestamp="6 Mar 2014 01:06:41 GMT" time="0.041" errors="0">
  <testcase name="testAStarJumble" time="0.021" classname="test.MyTest"/>
  <testcase name="testAStarPuzzle" time="0.001" classname="test.MyTest"/>
  <testcase name="testBFSJumble" time="0.001" classname="test.MyTest"/>
  <testcase name="testBFSPuzzle" time="0.0" classname="test.MyTest"/>
  <testcase name="testDFSJumble" time="0.001" classname="test.MyTest"/>
  <testcase name="testDFSPuzzle" time="0.0" classname="test.MyTest"/>
</testsuite> <!-- Default test -->
