<?xml version="1.0" encoding="UTF-8"?>
<testng-results skipped="0" failed="0" total="6" passed="6">
  <reporter-output>
  </reporter-output>
  <suite name="Default suite" duration-ms="99" started-at="2014-03-06T16:46:40Z" finished-at="2014-03-06T16:46:40Z">
    <groups>
    </groups>
    <test name="Default test" duration-ms="99" started-at="2014-03-06T16:46:40Z" finished-at="2014-03-06T16:46:40Z">
      <class name="test.MyTest">
        <test-method status="PASS" signature="setUp()[pri:0, instance:test.MyTest@1e5d207]" name="setUp" is-config="true" duration-ms="11" started-at="2014-03-06T16:46:40Z" finished-at="2014-03-06T16:46:40Z">
          <reporter-output>
          </reporter-output>
        </test-method> <!-- setUp -->
        <test-method status="PASS" signature="testAStarJumble()[pri:0, instance:test.MyTest@1e5d207]" name="testAStarJumble" duration-ms="56" started-at="2014-03-06T16:46:40Z" finished-at="2014-03-06T16:46:40Z">
          <reporter-output>
          </reporter-output>
        </test-method> <!-- testAStarJumble -->
        <test-method status="PASS" signature="setUp()[pri:0, instance:test.MyTest@1e5d207]" name="setUp" is-config="true" duration-ms="0" started-at="2014-03-06T16:46:40Z" finished-at="2014-03-06T16:46:40Z">
          <reporter-output>
          </reporter-output>
        </test-method> <!-- setUp -->
        <test-method status="PASS" signature="testAStarPuzzle()[pri:0, instance:test.MyTest@1e5d207]" name="testAStarPuzzle" duration-ms="6" started-at="2014-03-06T16:46:40Z" finished-at="2014-03-06T16:46:40Z">
          <reporter-output>
          </reporter-output>
        </test-method> <!-- testAStarPuzzle -->
        <test-method status="PASS" signature="setUp()[pri:0, instance:test.MyTest@1e5d207]" name="setUp" is-config="true" duration-ms="0" started-at="2014-03-06T16:46:40Z" finished-at="2014-03-06T16:46:40Z">
          <reporter-output>
          </reporter-output>
        </test-method> <!-- setUp -->
        <test-method status="PASS" signature="testBFSJumble()[pri:0, instance:test.MyTest@1e5d207]" name="testBFSJumble" duration-ms="2" started-at="2014-03-06T16:46:40Z" finished-at="2014-03-06T16:46:40Z">
          <reporter-output>
          </reporter-output>
        </test-method> <!-- testBFSJumble -->
        <test-method status="PASS" signature="setUp()[pri:0, instance:test.MyTest@1e5d207]" name="setUp" is-config="true" duration-ms="0" started-at="2014-03-06T16:46:40Z" finished-at="2014-03-06T16:46:40Z">
          <reporter-output>
          </reporter-output>
        </test-method> <!-- setUp -->
        <test-method status="PASS" signature="testBFSPuzzle()[pri:0, instance:test.MyTest@1e5d207]" name="testBFSPuzzle" duration-ms="1" started-at="2014-03-06T16:46:40Z" finished-at="2014-03-06T16:46:40Z">
          <reporter-output>
          </reporter-output>
        </test-method> <!-- testBFSPuzzle -->
        <test-method status="PASS" signature="testDFSJumble()[pri:0, instance:test.MyTest@1e5d207]" name="testDFSJumble" duration-ms="2" started-at="2014-03-06T16:46:40Z" finished-at="2014-03-06T16:46:40Z">
          <reporter-output>
          </reporter-output>
        </test-method> <!-- testDFSJumble -->
        <test-method status="PASS" signature="setUp()[pri:0, instance:test.MyTest@1e5d207]" name="setUp" is-config="true" duration-ms="0" started-at="2014-03-06T16:46:40Z" finished-at="2014-03-06T16:46:40Z">
          <reporter-output>
          </reporter-output>
        </test-method> <!-- setUp -->
        <test-method status="PASS" signature="testDFSPuzzle()[pri:0, instance:test.MyTest@1e5d207]" name="testDFSPuzzle" duration-ms="2" started-at="2014-03-06T16:46:40Z" finished-at="2014-03-06T16:46:40Z">
          <reporter-output>
          </reporter-output>
        </test-method> <!-- testDFSPuzzle -->
        <test-method status="PASS" signature="setUp()[pri:0, instance:test.MyTest@1e5d207]" name="setUp" is-config="true" duration-ms="0" started-at="2014-03-06T16:46:40Z" finished-at="2014-03-06T16:46:40Z">
          <reporter-output>
          </reporter-output>
        </test-method> <!-- setUp -->
      </class> <!-- test.MyTest -->
    </test> <!-- Default test -->
  </suite> <!-- Default suite -->
</testng-results>
